<?xml version="1.0" encoding="UTF-8"?>
<!-- Generated by org.testng.reporters.JUnitXMLReporter -->
<testsuite ignored="0" hostname="Sumeet" failures="0" tests="6" name="Default test" time="0.235" errors="0" timestamp="2022-03-04T18:29:53 IST">
  <testcase classname="test.pak.TestNG" name="@BeforeTest Lauchbrowser" time="-1.646398793486E9">
    <failure type="org.testng.TestNGException" message="
Parameter &amp;apos;browser&amp;apos; is required by BeforeTest on method Lauchbrowser but has not been marked @Optional or defined
in C:\Users\satya\AppData\Local\Temp\testng-eclipse-1651755923\testng-customsuite.xml">
      <![CDATA[org.testng.TestNGException: 
Parameter 'browser' is required by BeforeTest on method Lauchbrowser but has not been marked @Optional or defined
in C:\Users\satya\AppData\Local\Temp\testng-eclipse-1651755923\testng-customsuite.xml
at org.testng.internal.Parameters.createParams(Parameters.java:268)
at org.testng.internal.Parameters.createParametersForMethod(Parameters.java:356)
at org.testng.internal.Parameters.createParameters(Parameters.java:700)
at org.testng.internal.Parameters.createConfigurationParameters(Parameters.java:166)
at org.testng.internal.ConfigInvoker.invokeConfigurations(ConfigInvoker.java:301)
at org.testng.TestRunner.invokeTestConfigurations(TestRunner.java:617)
at org.testng.TestRunner.beforeRun(TestRunner.java:607)
at org.testng.TestRunner.run(TestRunner.java:578)
at org.testng.SuiteRunner.runTest(SuiteRunner.java:384)
at org.testng.SuiteRunner.runSequentially(SuiteRunner.java:378)
at org.testng.SuiteRunner.privateRun(SuiteRunner.java:337)
at org.testng.SuiteRunner.run(SuiteRunner.java:286)
at org.testng.SuiteRunnerWorker.runSuite(SuiteRunnerWorker.java:53)
at org.testng.SuiteRunnerWorker.run(SuiteRunnerWorker.java:96)
at org.testng.TestNG.runSuitesSequentially(TestNG.java:1218)
at org.testng.TestNG.runSuitesLocally(TestNG.java:1140)
at org.testng.TestNG.runSuites(TestNG.java:1069)
at org.testng.TestNG.run(TestNG.java:1037)
at org.testng.remote.AbstractRemoteTestNG.run(AbstractRemoteTestNG.java:115)
at org.testng.remote.RemoteTestNG.initAndRun(RemoteTestNG.java:251)
at org.testng.remote.RemoteTestNG.main(RemoteTestNG.java:77)
]]>
    </failure>
  </testcase> <!-- @BeforeTest Lauchbrowser -->
  <testcase classname="test.pak.TestNG" name="@BeforeClass beforeclassmethod" time="-1.646398793532E9">
    <skipped/>
  </testcase> <!-- @BeforeClass beforeclassmethod -->
  <testcase classname="test.pak.TestNG" name="@BeforeMethod beforemethod" time="-1.646398793562E9">
    <skipped/>
  </testcase> <!-- @BeforeMethod beforemethod -->
  <testcase classname="test.pak.TestNG" name="@AfterMethod aftermethod" time="-1.646398793573E9">
    <skipped/>
  </testcase> <!-- @AfterMethod aftermethod -->
  <testcase classname="test.pak.TestNG" name="@BeforeMethod beforemethod" time="-1.646398793581E9">
    <skipped/>
  </testcase> <!-- @BeforeMethod beforemethod -->
  <testcase classname="test.pak.TestNG" name="@AfterMethod aftermethod" time="-1.646398793597E9">
    <skipped/>
  </testcase> <!-- @AfterMethod aftermethod -->
  <testcase classname="test.pak.TestNG" name="@BeforeMethod beforemethod" time="-1.646398793605E9">
    <skipped/>
  </testcase> <!-- @BeforeMethod beforemethod -->
  <testcase classname="test.pak.TestNG" name="@AfterMethod aftermethod" time="-1.646398793621E9">
    <skipped/>
  </testcase> <!-- @AfterMethod aftermethod -->
  <testcase classname="test.pak.TestNG" name="@BeforeMethod beforemethod" time="-1.646398793632E9">
    <skipped/>
  </testcase> <!-- @BeforeMethod beforemethod -->
  <testcase classname="test.pak.TestNG" name="@AfterMethod aftermethod" time="-1.646398793644E9">
    <skipped/>
  </testcase> <!-- @AfterMethod aftermethod -->
  <testcase classname="test.pak.TestNG" name="@BeforeMethod beforemethod" time="-1.646398793649E9">
    <skipped/>
  </testcase> <!-- @BeforeMethod beforemethod -->
  <testcase classname="test.pak.TestNG" name="@AfterMethod aftermethod" time="-1.646398793661E9">
    <skipped/>
  </testcase> <!-- @AfterMethod aftermethod -->
  <testcase classname="test.pak.TestNG" name="@BeforeMethod beforemethod" time="-1.646398793668E9">
    <skipped/>
  </testcase> <!-- @BeforeMethod beforemethod -->
  <testcase classname="test.pak.TestNG" name="@AfterMethod aftermethod" time="-1.646398793684E9">
    <skipped/>
  </testcase> <!-- @AfterMethod aftermethod -->
  <testcase classname="test.pak.TestNG" name="@AfterClass afterclassmethod" time="-1.646398793692E9">
    <skipped/>
  </testcase> <!-- @AfterClass afterclassmethod -->
  <testcase classname="test.pak.TestNG" name="testA" time="0.0">
    <skipped/>
  </testcase> <!-- testA -->
  <testcase classname="test.pak.TestNG" name="testB" time="0.0">
    <skipped/>
  </testcase> <!-- testB -->
  <testcase classname="test.pak.TestNG" name="testC" time="0.0">
    <skipped/>
  </testcase> <!-- testC -->
  <testcase classname="test.pak.TestNG" name="testD" time="0.0">
    <skipped/>
  </testcase> <!-- testD -->
  <testcase classname="test.pak.TestNG" name="testE" time="0.0">
    <skipped/>
  </testcase> <!-- testE -->
  <testcase classname="test.pak.TestNG" name="testF" time="0.0">
    <skipped/>
  </testcase> <!-- testF -->
</testsuite> <!-- Default test -->
